<?xml version="1.0" encoding="UTF-8"?>
<testsuite xmlns:xsi="http://www.w3.org/2001/XMLSchema-instance" xsi:noNamespaceSchemaLocation="https://maven.apache.org/surefire/maven-surefire-plugin/xsd/surefire-test-report-3.0.xsd" version="3.0" name="com.minhnd.guru99.test.Guru99Test" time="40.804" tests="3" errors="0" skipped="0" failures="0">
  <properties>
[...]
</properties>
  <testcase name="checkGuru99Login" classname="com.minhnd.guru99.test.Guru99Test" time="22.685">
    <system-out><![CDATA[In thu Welcome: Manger Id : mngr510525
]]></system-out>
    <system-err><![CDATA[Jun 22, 2023 9:11:15 AM org.openqa.selenium.remote.service.DriverService$Builder getLogOutput
INFO: Driver logs no longer sent to console by default; https://www.selenium.dev/documentation/webdriver/drivers/service/#setting-log-output
SLF4J: Failed to load class "org.slf4j.impl.StaticLoggerBinder".
SLF4J: Defaulting to no-operation (NOP) logger implementation
SLF4J: See http://www.slf4j.org/codes.html#StaticLoggerBinder for further details.
]]></system-err>
  </testcase>
  <testcase name="checkGuru99LoginDDT(String, String)[1]" classname="com.minhnd.guru99.test.Guru99Test" time="5.948"/>
  <testcase name="checkGuru99LoginDDT(String, String)[2]" classname="com.minhnd.guru99.test.Guru99Test" time="6.351"/>
</testsuite>